<?xml version="1.0" encoding="UTF-8"?>
<testng-results skipped="0" failed="1" ignored="0" total="3" passed="2">
  <reporter-output>
  </reporter-output>
  <suite name="Suite" duration-ms="4870" started-at="2019-10-14T09:31:58Z" finished-at="2019-10-14T09:32:03Z">
    <groups>
    </groups>
    <test name="LoginTest" duration-ms="3719" started-at="2019-10-14T09:31:58Z" finished-at="2019-10-14T09:32:02Z">
      <class name="com.w2a.testcases.LoginTest">
        <test-method status="PASS" signature="loginAsBankManager()[pri:0, instance:com.w2a.testcases.LoginTest@45b4c3a9]" name="loginAsBankManager" duration-ms="3692" started-at="2019-10-14T09:31:58Z" finished-at="2019-10-14T09:32:02Z">
          <reporter-output>
          </reporter-output>
        </test-method> <!-- loginAsBankManager -->
      </class> <!-- com.w2a.testcases.LoginTest -->
    </test> <!-- LoginTest -->
    <test name="AddCustomerTest" duration-ms="1121" started-at="2019-10-14T09:32:02Z" finished-at="2019-10-14T09:32:03Z">
      <class name="com.w2a.testcases.AddCustomerTest">
        <test-method status="PASS" signature="setup()[pri:0, instance:com.w2a.testcases.AddCustomerTest@31f9b85e]" name="setup" is-config="true" duration-ms="15406" started-at="2019-10-14T09:31:43Z" finished-at="2019-10-14T09:31:58Z">
          <reporter-output>
          </reporter-output>
        </test-method> <!-- setup -->
        <test-method status="PASS" signature="addcustomer(java.lang.String, java.lang.String, java.lang.String)[pri:0, instance:com.w2a.testcases.AddCustomerTest@31f9b85e]" name="addcustomer" duration-ms="1087" started-at="2019-10-14T09:32:02Z" data-provider="getData" finished-at="2019-10-14T09:32:03Z">
          <params>
            <param index="0">
              <value>
                <![CDATA[Raman]]>
              </value>
            </param>
            <param index="1">
              <value>
                <![CDATA[Arora]]>
              </value>
            </param>
            <param index="2">
              <value>
                <![CDATA[090909]]>
              </value>
            </param>
          </params>
          <reporter-output>
          </reporter-output>
        </test-method> <!-- addcustomer -->
        <test-method status="FAIL" signature="addcustomer(java.lang.String, java.lang.String, java.lang.String)[pri:0, instance:com.w2a.testcases.AddCustomerTest@31f9b85e]" name="addcustomer" duration-ms="8" started-at="2019-10-14T09:32:03Z" data-provider="getData" finished-at="2019-10-14T09:32:03Z">
          <params>
            <param index="0">
              <value is-null="true"/>
            </param>
            <param index="1">
              <value is-null="true"/>
            </param>
            <param index="2">
              <value is-null="true"/>
            </param>
          </params>
          <exception class="org.openqa.selenium.UnhandledAlertException">
            <message>
              <![CDATA[unexpected alert open: {Alert text : Customer added successfully with customer id :6}
  (Session info: chrome=77.0.3865.120)
  (Driver info: chromedriver=77.0.3865.40 (f484704e052e0b556f8030b65b953dce96503217-refs/branch-heads/3865@{#442}),platform=Windows NT 10.0.18362 x86_64) (WARNING: The server did not provide any stacktrace information)
Command duration or timeout: 5 milliseconds: null
Build info: version: '2.53.1', revision: 'a36b8b1cd5757287168e54b817830adce9b0158d', time: '2016-06-30 19:26:09'
System info: host: 'HBITS-ASHWINI', ip: '192.168.213.98', os.name: 'Windows 10', os.arch: 'amd64', os.version: '10.0', java.version: '1.8.0_65'
Driver info: org.openqa.selenium.chrome.ChromeDriver
Capabilities [{mobileEmulationEnabled=false, timeouts={implicit=0, pageLoad=300000, script=30000}, hasTouchScreen=false, platform=XP, acceptSslCerts=false, goog:chromeOptions={debuggerAddress=localhost:63675}, acceptInsecureCerts=false, webStorageEnabled=true, browserName=chrome, takesScreenshot=true, javascriptEnabled=true, setWindowRect=true, unexpectedAlertBehaviour=ignore, applicationCacheEnabled=false, rotatable=false, networkConnectionEnabled=false, chrome={chromedriverVersion=77.0.3865.40 (f484704e052e0b556f8030b65b953dce96503217-refs/branch-heads/3865@{#442}), userDataDir=C:\Users\TUSHAR~1.PAT\AppData\Local\Temp\scoped_dir16700_1448622579}, takesHeapSnapshot=true, pageLoadStrategy=normal, strictFileInteractability=false, databaseEnabled=false, handlesAlerts=true, version=77.0.3865.120, browserConnectionEnabled=false, proxy={}, nativeEvents=true, locationContextEnabled=true, cssSelectorsEnabled=true}]
Session ID: a4a06d70246821ef4e94781119955696
*** Element info: {Using=xpath, value=//button[1][@class='btn btn-lg tab']}]]>
            </message>
            <full-stacktrace>
              <![CDATA[org.openqa.selenium.UnhandledAlertException: unexpected alert open: {Alert text : Customer added successfully with customer id :6}
  (Session info: chrome=77.0.3865.120)
  (Driver info: chromedriver=77.0.3865.40 (f484704e052e0b556f8030b65b953dce96503217-refs/branch-heads/3865@{#442}),platform=Windows NT 10.0.18362 x86_64) (WARNING: The server did not provide any stacktrace information)
Command duration or timeout: 5 milliseconds: null
Build info: version: '2.53.1', revision: 'a36b8b1cd5757287168e54b817830adce9b0158d', time: '2016-06-30 19:26:09'
System info: host: 'HBITS-ASHWINI', ip: '192.168.213.98', os.name: 'Windows 10', os.arch: 'amd64', os.version: '10.0', java.version: '1.8.0_65'
Driver info: org.openqa.selenium.chrome.ChromeDriver
Capabilities [{mobileEmulationEnabled=false, timeouts={implicit=0, pageLoad=300000, script=30000}, hasTouchScreen=false, platform=XP, acceptSslCerts=false, goog:chromeOptions={debuggerAddress=localhost:63675}, acceptInsecureCerts=false, webStorageEnabled=true, browserName=chrome, takesScreenshot=true, javascriptEnabled=true, setWindowRect=true, unexpectedAlertBehaviour=ignore, applicationCacheEnabled=false, rotatable=false, networkConnectionEnabled=false, chrome={chromedriverVersion=77.0.3865.40 (f484704e052e0b556f8030b65b953dce96503217-refs/branch-heads/3865@{#442}), userDataDir=C:\Users\TUSHAR~1.PAT\AppData\Local\Temp\scoped_dir16700_1448622579}, takesHeapSnapshot=true, pageLoadStrategy=normal, strictFileInteractability=false, databaseEnabled=false, handlesAlerts=true, version=77.0.3865.120, browserConnectionEnabled=false, proxy={}, nativeEvents=true, locationContextEnabled=true, cssSelectorsEnabled=true}]
Session ID: a4a06d70246821ef4e94781119955696
*** Element info: {Using=xpath, value=//button[1][@class='btn btn-lg tab']}
at sun.reflect.NativeConstructorAccessorImpl.newInstance0(Native Method)
at sun.reflect.NativeConstructorAccessorImpl.newInstance(NativeConstructorAccessorImpl.java:62)
at sun.reflect.DelegatingConstructorAccessorImpl.newInstance(DelegatingConstructorAccessorImpl.java:45)
at java.lang.reflect.Constructor.newInstance(Constructor.java:422)
at org.openqa.selenium.remote.ErrorHandler.createThrowable(ErrorHandler.java:206)
at org.openqa.selenium.remote.ErrorHandler.throwIfResponseFailed(ErrorHandler.java:164)
at org.openqa.selenium.remote.RemoteWebDriver.execute(RemoteWebDriver.java:678)
at org.openqa.selenium.remote.RemoteWebDriver.findElement(RemoteWebDriver.java:363)
at org.openqa.selenium.remote.RemoteWebDriver.findElementByXPath(RemoteWebDriver.java:500)
at org.openqa.selenium.By$ByXPath.findElement(By.java:361)
at org.openqa.selenium.remote.RemoteWebDriver.findElement(RemoteWebDriver.java:355)
at com.w2a.testcases.AddCustomerTest.addcustomer(AddCustomerTest.java:16)
at sun.reflect.NativeMethodAccessorImpl.invoke0(Native Method)
at sun.reflect.NativeMethodAccessorImpl.invoke(NativeMethodAccessorImpl.java:62)
at sun.reflect.DelegatingMethodAccessorImpl.invoke(DelegatingMethodAccessorImpl.java:43)
at java.lang.reflect.Method.invoke(Method.java:497)
at org.testng.internal.MethodInvocationHelper.invokeMethod(MethodInvocationHelper.java:124)
at org.testng.internal.Invoker.invokeMethod(Invoker.java:583)
at org.testng.internal.Invoker.invokeTestMethod(Invoker.java:719)
at org.testng.internal.Invoker.invokeTestMethods(Invoker.java:989)
at org.testng.internal.TestMethodWorker.invokeTestMethods(TestMethodWorker.java:125)
at org.testng.internal.TestMethodWorker.run(TestMethodWorker.java:109)
at org.testng.TestRunner.privateRun(TestRunner.java:648)
at org.testng.TestRunner.run(TestRunner.java:505)
at org.testng.SuiteRunner.runTest(SuiteRunner.java:455)
at org.testng.SuiteRunner.runSequentially(SuiteRunner.java:450)
at org.testng.SuiteRunner.privateRun(SuiteRunner.java:415)
at org.testng.SuiteRunner.run(SuiteRunner.java:364)
at org.testng.SuiteRunnerWorker.runSuite(SuiteRunnerWorker.java:52)
at org.testng.SuiteRunnerWorker.run(SuiteRunnerWorker.java:84)
at org.testng.TestNG.runSuitesSequentially(TestNG.java:1208)
at org.testng.TestNG.runSuitesLocally(TestNG.java:1137)
at org.testng.TestNG.runSuites(TestNG.java:1049)
at org.testng.TestNG.run(TestNG.java:1017)
at org.testng.remote.AbstractRemoteTestNG.run(AbstractRemoteTestNG.java:114)
at org.testng.remote.RemoteTestNG.initAndRun(RemoteTestNG.java:251)
at org.testng.remote.RemoteTestNG.main(RemoteTestNG.java:77)
]]>
            </full-stacktrace>
          </exception> <!-- org.openqa.selenium.UnhandledAlertException -->
          <reporter-output>
          </reporter-output>
        </test-method> <!-- addcustomer -->
        <test-method status="PASS" signature="teardown()[pri:0, instance:com.w2a.testcases.AddCustomerTest@31f9b85e]" name="teardown" is-config="true" duration-ms="1358" started-at="2019-10-14T09:32:03Z" finished-at="2019-10-14T09:32:05Z">
          <reporter-output>
          </reporter-output>
        </test-method> <!-- teardown -->
      </class> <!-- com.w2a.testcases.AddCustomerTest -->
    </test> <!-- AddCustomerTest -->
  </suite> <!-- Suite -->
</testng-results>
